# JRE version: OpenJDK Runtime Environment (17.0.11) (build 17.0.11+0--11852314)
# Java VM: OpenJDK 64-Bit Server VM (17.0.11+0--11852314, mixed mode, tiered, compressed oops, compressed class ptrs, g1 gc, windows-amd64)
GC Precious Log:
 CPUs: 4 total, 4 available
 Memory: 10153M
 Large Page Support: Disabled
 NUMA Support: Disabled
 Compressed Oops: Enabled (32-bit)
 Heap Region Size: 1M
 Heap Min Capacity: 8M
 Heap Initial Capacity: 160M
 Heap Max Capacity: 2G
 Pre-touch: Disabled
 Parallel Workers: 4
 Concurrent Workers: 1
 Concurrent Refinement Workers: 4
 Periodic GC: Disabled
Heap:
 garbage-first heap   total 163840K, used 71471K [0x0000000080000000, 0x0000000100000000)
  region size 1024K, 4 young (4096K), 4 survivors (4096K)
 Metaspace       used 68276K, committed 68928K, reserved 1114112K
  class space    used 9282K, committed 9600K, reserved 1048576K
GC Heap History (20 events):
Event: 10.752 GC heap after
{Heap after GC invocations=17 (full 0):
 garbage-first heap   total 82944K, used 42198K [0x0000000080000000, 0x0000000100000000)
  region size 1024K, 4 young (4096K), 4 survivors (4096K)
 Metaspace       used 56623K, committed 57152K, reserved 1114112K
  class space    used 7746K, committed 8000K, reserved 1048576K
}
Event: 10.957 GC heap before
{Heap before GC invocations=17 (full 0):
 garbage-first heap   total 82944K, used 62678K [0x0000000080000000, 0x0000000100000000)
  region size 1024K, 25 young (25600K), 4 survivors (4096K)
 Metaspace       used 57034K, committed 57600K, reserved 1114112K
  class space    used 7785K, committed 8064K, reserved 1048576K
}
Event: 10.961 GC heap after
{Heap after GC invocations=18 (full 0):
 garbage-first heap   total 82944K, used 43358K [0x0000000080000000, 0x0000000100000000)
  region size 1024K, 4 young (4096K), 4 survivors (4096K)
 Metaspace       used 57034K, committed 57600K, reserved 1114112K
  class space    used 7785K, committed 8064K, reserved 1048576K
}
Event: 11.289 GC heap before
{Heap before GC invocations=19 (full 0):
 garbage-first heap   total 91136K, used 77150K [0x0000000080000000, 0x0000000100000000)
  region size 1024K, 24 young (24576K), 4 survivors (4096K)
 Metaspace       used 57941K, committed 58496K, reserved 1114112K
  class space    used 7955K, committed 8256K, reserved 1048576K
}
Event: 11.294 GC heap after
{Heap after GC invocations=20 (full 0):
 garbage-first heap   total 91136K, used 63326K [0x0000000080000000, 0x0000000100000000)
  region size 1024K, 3 young (3072K), 3 survivors (3072K)
 Metaspace       used 57941K, committed 58496K, reserved 1114112K
  class space    used 7955K, committed 8256K, reserved 1048576K
}
Event: 11.309 GC heap before
{Heap before GC invocations=20 (full 0):
 garbage-first heap   total 91136K, used 64350K [0x0000000080000000, 0x0000000100000000)
  region size 1024K, 4 young (4096K), 3 survivors (3072K)
 Metaspace       used 58035K, committed 58560K, reserved 1114112K
  class space    used 7964K, committed 8256K, reserved 1048576K
}
Event: 11.312 GC heap after
{Heap after GC invocations=21 (full 0):
 garbage-first heap   total 109568K, used 63279K [0x0000000080000000, 0x0000000100000000)
  region size 1024K, 1 young (1024K), 1 survivors (1024K)
 Metaspace       used 58035K, committed 58560K, reserved 1114112K
  class space    used 7964K, committed 8256K, reserved 1048576K
}
Event: 11.378 GC heap before
{Heap before GC invocations=21 (full 0):
 garbage-first heap   total 109568K, used 69423K [0x0000000080000000, 0x0000000100000000)
  region size 1024K, 9 young (9216K), 1 survivors (1024K)
 Metaspace       used 58542K, committed 59136K, reserved 1114112K
  class space    used 8012K, committed 8320K, reserved 1048576K
}
Event: 11.379 GC heap after
{Heap after GC invocations=22 (full 0):
 garbage-first heap   total 109568K, used 63684K [0x0000000080000000, 0x0000000100000000)
  region size 1024K, 1 young (1024K), 1 survivors (1024K)
 Metaspace       used 58542K, committed 59136K, reserved 1114112K
  class space    used 8012K, committed 8320K, reserved 1048576K
}
Event: 11.731 GC heap before
{Heap before GC invocations=23 (full 0):
 garbage-first heap   total 116736K, used 85188K [0x0000000080000000, 0x0000000100000000)
  region size 1024K, 22 young (22528K), 1 survivors (1024K)
 Metaspace       used 60233K, committed 60800K, reserved 1114112K
  class space    used 8250K, committed 8512K, reserved 1048576K
}
Event: 11.733 GC heap after
{Heap after GC invocations=24 (full 0):
 garbage-first heap   total 116736K, used 65520K [0x0000000080000000, 0x0000000100000000)
  region size 1024K, 2 young (2048K), 2 survivors (2048K)
 Metaspace       used 60233K, committed 60800K, reserved 1114112K
  class space    used 8250K, committed 8512K, reserved 1048576K
}
Event: 11.782 GC heap before
{Heap before GC invocations=24 (full 0):
 garbage-first heap   total 116736K, used 68592K [0x0000000080000000, 0x0000000100000000)
  region size 1024K, 5 young (5120K), 2 survivors (2048K)
 Metaspace       used 60486K, committed 61056K, reserved 1114112K
  class space    used 8285K, committed 8576K, reserved 1048576K
}
Event: 11.784 GC heap after
{Heap after GC invocations=25 (full 0):
 garbage-first heap   total 116736K, used 64802K [0x0000000080000000, 0x0000000100000000)
  region size 1024K, 1 young (1024K), 1 survivors (1024K)
 Metaspace       used 60486K, committed 61056K, reserved 1114112K
  class space    used 8285K, committed 8576K, reserved 1048576K
}
Event: 12.231 GC heap before
{Heap before GC invocations=25 (full 0):
 garbage-first heap   total 116736K, used 89378K [0x0000000080000000, 0x0000000100000000)
  region size 1024K, 26 young (26624K), 1 survivors (1024K)
 Metaspace       used 63144K, committed 63680K, reserved 1114112K
  class space    used 8561K, committed 8832K, reserved 1048576K
}
Event: 12.235 GC heap after
{Heap after GC invocations=26 (full 0):
 garbage-first heap   total 116736K, used 65355K [0x0000000080000000, 0x0000000100000000)
  region size 1024K, 1 young (1024K), 1 survivors (1024K)
 Metaspace       used 63144K, committed 63680K, reserved 1114112K
  class space    used 8561K, committed 8832K, reserved 1048576K
}
Event: 12.751 GC heap before
{Heap before GC invocations=27 (full 0):
 garbage-first heap   total 117760K, used 93003K [0x0000000080000000, 0x0000000100000000)
  region size 1024K, 28 young (28672K), 1 survivors (1024K)
 Metaspace       used 65846K, committed 66432K, reserved 1114112K
  class space    used 8986K, committed 9280K, reserved 1048576K
}
Event: 12.756 GC heap after
{Heap after GC invocations=28 (full 0):
 garbage-first heap   total 117760K, used 66288K [0x0000000080000000, 0x0000000100000000)
  region size 1024K, 2 young (2048K), 2 survivors (2048K)
 Metaspace       used 65846K, committed 66432K, reserved 1114112K
  class space    used 8986K, committed 9280K, reserved 1048576K
}
Event: 12.859 GC heap before
{Heap before GC invocations=28 (full 0):
 garbage-first heap   total 117760K, used 69360K [0x0000000080000000, 0x0000000100000000)
  region size 1024K, 5 young (5120K), 2 survivors (2048K)
 Metaspace       used 66611K, committed 67200K, reserved 1114112K
  class space    used 9065K, committed 9344K, reserved 1048576K
}
Event: 12.868 GC heap after
{Heap after GC invocations=29 (full 0):
 garbage-first heap   total 117760K, used 66917K [0x0000000080000000, 0x0000000100000000)
  region size 1024K, 1 young (1024K), 1 survivors (1024K)
 Metaspace       used 66611K, committed 67200K, reserved 1114112K
  class space    used 9065K, committed 9344K, reserved 1048576K
}
Event: 13.306 GC heap before
{Heap before GC invocations=29 (full 0):
 garbage-first heap   total 117760K, used 99685K [0x0000000080000000, 0x0000000100000000)
  region size 1024K, 28 young (28672K), 1 survivors (1024K)
 Metaspace       used 68276K, committed 68928K, reserved 1114112K
  class space    used 9282K, committed 9600K, reserved 1048576K
}

