# JRE version: OpenJDK Runtime Environment (17.0.11) (build 17.0.11+0--11852314)
# Java VM: OpenJDK 64-Bit Server VM (17.0.11+0--11852314, mixed mode, tiered, compressed oops, compressed class ptrs, g1 gc, windows-amd64)
GC Precious Log:
 CPUs: 4 total, 4 available
 Memory: 10153M
 Large Page Support: Disabled
 NUMA Support: Disabled
 Compressed Oops: Enabled (32-bit)
 Heap Region Size: 1M
 Heap Min Capacity: 8M
 Heap Initial Capacity: 160M
 Heap Max Capacity: 2G
 Pre-touch: Disabled
 Parallel Workers: 4
 Concurrent Workers: 1
 Concurrent Refinement Workers: 4
 Periodic GC: Disabled
Heap:
 garbage-first heap   total 207872K, used 152783K [0x0000000080000000, 0x0000000100000000)
  region size 1024K, 2 young (2048K), 2 survivors (2048K)
 Metaspace       used 110745K, committed 111616K, reserved 1179648K
  class space    used 15365K, committed 15808K, reserved 1048576K
GC Heap History (20 events):
Event: 32.522 GC heap after
{Heap after GC invocations=39 (full 0):
 garbage-first heap   total 206848K, used 97360K [0x0000000080000000, 0x0000000100000000)
  region size 1024K, 9 young (9216K), 9 survivors (9216K)
 Metaspace       used 99945K, committed 100672K, reserved 1179648K
  class space    used 13973K, committed 14336K, reserved 1048576K
}
Event: 33.333 GC heap before
{Heap before GC invocations=39 (full 0):
 garbage-first heap   total 206848K, used 169040K [0x0000000080000000, 0x0000000100000000)
  region size 1024K, 79 young (80896K), 9 survivors (9216K)
 Metaspace       used 100829K, committed 101632K, reserved 1179648K
  class space    used 14056K, committed 14464K, reserved 1048576K
}
Event: 33.346 GC heap after
{Heap after GC invocations=40 (full 0):
 garbage-first heap   total 206848K, used 102656K [0x0000000080000000, 0x0000000100000000)
  region size 1024K, 10 young (10240K), 10 survivors (10240K)
 Metaspace       used 100829K, committed 101632K, reserved 1179648K
  class space    used 14056K, committed 14464K, reserved 1048576K
}
Event: 34.117 GC heap before
{Heap before GC invocations=41 (full 0):
 garbage-first heap   total 206848K, used 168192K [0x0000000080000000, 0x0000000100000000)
  region size 1024K, 75 young (76800K), 10 survivors (10240K)
 Metaspace       used 101561K, committed 102336K, reserved 1179648K
  class space    used 14171K, committed 14528K, reserved 1048576K
}
Event: 34.131 GC heap after
{Heap after GC invocations=42 (full 0):
 garbage-first heap   total 206848K, used 106580K [0x0000000080000000, 0x0000000100000000)
  region size 1024K, 6 young (6144K), 6 survivors (6144K)
 Metaspace       used 101561K, committed 102336K, reserved 1179648K
  class space    used 14171K, committed 14528K, reserved 1048576K
}
Event: 34.143 GC heap before
{Heap before GC invocations=42 (full 0):
 garbage-first heap   total 206848K, used 110676K [0x0000000080000000, 0x0000000100000000)
  region size 1024K, 10 young (10240K), 6 survivors (6144K)
 Metaspace       used 101561K, committed 102336K, reserved 1179648K
  class space    used 14171K, committed 14528K, reserved 1048576K
}
Event: 34.150 GC heap after
{Heap after GC invocations=43 (full 0):
 garbage-first heap   total 206848K, used 105453K [0x0000000080000000, 0x0000000100000000)
  region size 1024K, 2 young (2048K), 2 survivors (2048K)
 Metaspace       used 101561K, committed 102336K, reserved 1179648K
  class space    used 14171K, committed 14528K, reserved 1048576K
}
Event: 34.877 GC heap before
{Heap before GC invocations=43 (full 0):
 garbage-first heap   total 206848K, used 168941K [0x0000000080000000, 0x0000000100000000)
  region size 1024K, 65 young (66560K), 2 survivors (2048K)
 Metaspace       used 102488K, committed 103232K, reserved 1179648K
  class space    used 14334K, committed 14720K, reserved 1048576K
}
Event: 34.887 GC heap after
{Heap after GC invocations=44 (full 0):
 garbage-first heap   total 206848K, used 108024K [0x0000000080000000, 0x0000000100000000)
  region size 1024K, 5 young (5120K), 5 survivors (5120K)
 Metaspace       used 102488K, committed 103232K, reserved 1179648K
  class space    used 14334K, committed 14720K, reserved 1048576K
}
Event: 35.637 GC heap before
{Heap before GC invocations=44 (full 0):
 garbage-first heap   total 206848K, used 168440K [0x0000000080000000, 0x0000000100000000)
  region size 1024K, 65 young (66560K), 5 survivors (5120K)
 Metaspace       used 105361K, committed 106176K, reserved 1179648K
  class space    used 14681K, committed 15104K, reserved 1048576K
}
Event: 35.647 GC heap after
{Heap after GC invocations=45 (full 0):
 garbage-first heap   total 206848K, used 112578K [0x0000000080000000, 0x0000000100000000)
  region size 1024K, 9 young (9216K), 9 survivors (9216K)
 Metaspace       used 105361K, committed 106176K, reserved 1179648K
  class space    used 14681K, committed 15104K, reserved 1048576K
}
Event: 36.058 GC heap before
{Heap before GC invocations=45 (full 0):
 garbage-first heap   total 206848K, used 159682K [0x0000000080000000, 0x0000000100000000)
  region size 1024K, 57 young (58368K), 9 survivors (9216K)
 Metaspace       used 106321K, committed 107136K, reserved 1179648K
  class space    used 14822K, committed 15232K, reserved 1048576K
}
Event: 36.069 GC heap after
{Heap after GC invocations=46 (full 0):
 garbage-first heap   total 206848K, used 114940K [0x0000000080000000, 0x0000000100000000)
  region size 1024K, 5 young (5120K), 5 survivors (5120K)
 Metaspace       used 106321K, committed 107136K, reserved 1179648K
  class space    used 14822K, committed 15232K, reserved 1048576K
}
Event: 37.288 GC heap before
{Heap before GC invocations=47 (full 0):
 garbage-first heap   total 206848K, used 193788K [0x0000000080000000, 0x0000000100000000)
  region size 1024K, 52 young (53248K), 5 survivors (5120K)
 Metaspace       used 110077K, committed 110912K, reserved 1179648K
  class space    used 15260K, committed 15680K, reserved 1048576K
}
Event: 37.295 GC heap after
{Heap after GC invocations=48 (full 0):
 garbage-first heap   total 207872K, used 148836K [0x0000000080000000, 0x0000000100000000)
  region size 1024K, 8 young (8192K), 8 survivors (8192K)
 Metaspace       used 110077K, committed 110912K, reserved 1179648K
  class space    used 15260K, committed 15680K, reserved 1048576K
}
Event: 37.341 GC heap before
{Heap before GC invocations=48 (full 0):
 garbage-first heap   total 207872K, used 150884K [0x0000000080000000, 0x0000000100000000)
  region size 1024K, 10 young (10240K), 8 survivors (8192K)
 Metaspace       used 110352K, committed 111232K, reserved 1179648K
  class space    used 15300K, committed 15744K, reserved 1048576K
}
Event: 37.347 GC heap after
{Heap after GC invocations=49 (full 0):
 garbage-first heap   total 207872K, used 147795K [0x0000000080000000, 0x0000000100000000)
  region size 1024K, 1 young (1024K), 1 survivors (1024K)
 Metaspace       used 110352K, committed 111232K, reserved 1179648K
  class space    used 15300K, committed 15744K, reserved 1048576K
}
Event: 37.408 GC heap before
{Heap before GC invocations=49 (full 0):
 garbage-first heap   total 207872K, used 157011K [0x0000000080000000, 0x0000000100000000)
  region size 1024K, 6 young (6144K), 1 survivors (1024K)
 Metaspace       used 110745K, committed 111616K, reserved 1179648K
  class space    used 15365K, committed 15808K, reserved 1048576K
}
Event: 37.410 GC heap after
{Heap after GC invocations=50 (full 0):
 garbage-first heap   total 207872K, used 154246K [0x0000000080000000, 0x0000000100000000)
  region size 1024K, 1 young (1024K), 1 survivors (1024K)
 Metaspace       used 110745K, committed 111616K, reserved 1179648K
  class space    used 15365K, committed 15808K, reserved 1048576K
}
Event: 37.416 GC heap before
{Heap before GC invocations=50 (full 0):
 garbage-first heap   total 207872K, used 158342K [0x0000000080000000, 0x0000000100000000)
  region size 1024K, 3 young (3072K), 1 survivors (1024K)
 Metaspace       used 110745K, committed 111616K, reserved 1179648K
  class space    used 15365K, committed 15808K, reserved 1048576K
}

